

Microchip Technology PIC18 LITE Macro Assembler V1.33 build 59893 
                                                                                               Mon Mar 23 23:44:22 2015

Microchip Technology Omniscient Code Generator (Lite mode) build 59893
     1                           	processor	18F4550
     2                           	fnconf	rparam,??,?,0
     3                           	opt	pw 120
     4                           	opt	lm
     5                           	psect	text0,global,reloc=2,class=CODE,delta=1
     6                           	psect	cinit,global,reloc=2,class=CODE,delta=1
     7                           	psect	bssCOMRAM,global,class=COMRAM,space=1,delta=1
     8                           	psect	cstackCOMRAM,global,class=COMRAM,space=1,delta=1
     9                           	psect	text1,global,reloc=2,class=CODE,delta=1
    10                           	psect	text2,global,reloc=2,class=CODE,delta=1
    11                           	psect	intsave_regs,global,class=BIGRAM,space=1,delta=1
    12                           	psect	rparam,global,class=COMRAM,space=1,delta=1
    13  0000                     _IPR1bits	set	3999
    14  0000                     _LATD	set	3980
    15  0000                     _PIE1bits	set	3997
    16  0000                     _PIR1bits	set	3998
    17  0000                     _RCREG	set	4014
    18  0000                     _RCSTA	set	4011
    19  0000                     _RCSTAbits	set	4011
    20  0000                     _SPBRG	set	4015
    21  0000                     _SPBRGH	set	4016
    22  0000                     _TRISCbits	set	3988
    23  0000                     _TRISD	set	3989
    24  0000                     _TXREG	set	4013
    25  0000                     _TXSTA	set	4012
    26  0000                     _TXSTAbits	set	4012
    27                           
    28                           ; 0 bytes @ 0x6
    29 ;;
    30 ;;Main: autosize = 0, tempsize = 0, incstack = 0, save=0
    31 ;;
    32 ;; *************** function _main *****************
    33 ;; Defined at:
    34 ;;		line 157 in file "main.c"
    35 ;; Parameters:    Size  Location     Type
    36 ;;  argc            2    1[COMRAM] int 
    37 ;;  argv            3    3[COMRAM] PTR PTR unsigned char 
    38 ;; Auto vars:     Size  Location     Type
    39 ;;		None
    40 ;; Return value:  Size  Location     Type
    41 ;;                  2    1[COMRAM] int 
    42 ;; Registers used:
    43 ;;		wreg, status,2, cstack
    44 ;; Tracked objects:
    45 ;;		On entry : 0/0
    46 ;;		On exit  : 0/0
    47 ;;		Unchanged: 0/0
    48 ;; Data sizes:     COMRAM   BANK0   BANK1   BANK2   BANK3   BANK4   BANK5   BANK6   BANK7
    49 ;;      Params:         5       0       0       0       0       0       0       0       0
    50 ;;      Locals:         0       0       0       0       0       0       0       0       0
    51 ;;      Temps:          0       0       0       0       0       0       0       0       0
    52 ;;      Totals:         5       0       0       0       0       0       0       0       0
    53 ;;Total ram usage:        5 bytes
    54 ;; Hardware stack levels required when called:    2
    55 ;; This function calls:
    56 ;;		_JE_SquareWaveTestPin1
    57 ;; This function is called by:
    58 ;;		Startup code after reset
    59 ;; This function uses a non-reentrant model
    60 ;;
    61                           
    62                           	psect	text0
    63  007FC0                     __ptext0:
    64                           	opt stack 0
    65  007FC0                     _main:
    66                           	opt stack 29
    67                           
    68                           ;main.c: 162: JE_SquareWaveTestPin1();
    69                           
    70                           ;incstack = 0
    71  007FC0  ECF5  F03F         	call	_JE_SquareWaveTestPin1	;wreg free
    72  007FC4  EF00  F000         	goto	start
    73  007FC8                     __end_of_main:
    74                           	opt stack 0
    75                           
    76                           	psect	cinit
    77  007FD8                     __pcinit:
    78                           	opt stack 0
    79  007FD8                     start_initialization:
    80                           	opt stack 0
    81  007FD8                     __initialization:
    82                           	opt stack 0
    83                           
    84                           ; Clear objects allocated to COMRAM (71 bytes)
    85  007FD8  EE00  F001         	lfsr	0,__pbssCOMRAM
    86  007FDC  0E47               	movlw	71
    87  007FDE                     clear_0:
    88  007FDE  6AEE               	clrf	postinc0,c
    89  007FE0  06E8               	decf	wreg,f,c
    90  007FE2  E1FD               	bnz	clear_0
    91  007FE4                     end_of_initialization:
    92                           	opt stack 0
    93  007FE4                     __end_of__initialization:
    94                           	opt stack 0
    95  007FE4  0100               	movlb	0
    96  007FE6  EFE0  F03F         	goto	_main	;jump to C main() function
    97                           postinc0	equ	0xFEE
    98                           wreg	equ	0xFE8
    99                           
   100                           	psect	bssCOMRAM
   101  000001                     __pbssCOMRAM:
   102                           	opt stack 0
   103  000001                     _USART_Status:
   104                           	opt stack 0
   105  000001                     	ds	1
   106  000002                     _rx:
   107                           	opt stack 0
   108  000002                     	ds	35
   109  000025                     _tx:
   110                           	opt stack 0
   111  000025                     	ds	35
   112                           postinc0	equ	0xFEE
   113                           wreg	equ	0xFE8
   114                           
   115                           	psect	cstackCOMRAM
   116  000048                     __pcstackCOMRAM:
   117                           	opt stack 0
   118  000048                     Delay10TCYx@unit:
   119                           	opt stack 0
   120                           
   121                           ; 1 bytes @ 0x0
   122  000048                     	ds	1
   123  000049                     
   124                           ; 2 bytes @ 0x1
   125  000049                     	ds	2
   126  00004B                     
   127                           ; 3 bytes @ 0x3
   128  00004B                     	ds	3
   129  00004E                     postinc0	equ	0xFEE
   130                           wreg	equ	0xFE8
   131                           
   132 ;; *************** function _JE_SquareWaveTestPin1 *****************
   133 ;; Defined at:
   134 ;;		line 131 in file "main.c"
   135 ;; Parameters:    Size  Location     Type
   136 ;;		None
   137 ;; Auto vars:     Size  Location     Type
   138 ;;		None
   139 ;; Return value:  Size  Location     Type
   140 ;;		None               void
   141 ;; Registers used:
   142 ;;		wreg, status,2, cstack
   143 ;; Tracked objects:
   144 ;;		On entry : 0/0
   145 ;;		On exit  : 0/0
   146 ;;		Unchanged: 0/0
   147 ;; Data sizes:     COMRAM   BANK0   BANK1   BANK2   BANK3   BANK4   BANK5   BANK6   BANK7
   148 ;;      Params:         0       0       0       0       0       0       0       0       0
   149 ;;      Locals:         0       0       0       0       0       0       0       0       0
   150 ;;      Temps:          0       0       0       0       0       0       0       0       0
   151 ;;      Totals:         0       0       0       0       0       0       0       0       0
   152 ;;Total ram usage:        0 bytes
   153 ;; Hardware stack levels used:    1
   154 ;; Hardware stack levels required when called:    1
   155 ;; This function calls:
   156 ;;		_Delay10TCYx
   157 ;; This function is called by:
   158 ;;		_main
   159 ;; This function uses a non-reentrant model
   160 ;;
   161                           
   162                           	psect	text1
   163  007FEA                     __ptext1:
   164                           	opt stack 0
   165  007FEA                     _JE_SquareWaveTestPin1:
   166                           	opt stack 29
   167                           
   168                           ;main.c: 133: TRISD =0xFF;
   169                           
   170                           ;incstack = 0
   171  007FEA  6895               	setf	3989,c	;volatile
   172  007FEC                     l9:
   173                           
   174                           ;main.c: 136: {
   175                           ;main.c: 138: LATD=0xFF;
   176  007FEC  688C               	setf	3980,c	;volatile
   177                           
   178                           ;main.c: 139: Delay10TCYx(1000);
   179  007FEE  0EE8               	movlw	232
   180  007FF0  ECE4  F03F         	call	_Delay10TCYx
   181                           
   182                           ;main.c: 140: LATD=0x00;
   183  007FF4  0E00               	movlw	0
   184  007FF6  6E8C               	movwf	3980,c	;volatile
   185                           
   186                           ;main.c: 142: Delay10TCYx(1000);
   187  007FF8  0EE8               	movlw	232
   188  007FFA  ECE4  F03F         	call	_Delay10TCYx
   189  007FFE  D7F6               	goto	l9
   190  008000                     __end_of_JE_SquareWaveTestPin1:
   191                           	opt stack 0
   192                           postinc0	equ	0xFEE
   193                           wreg	equ	0xFE8
   194                           
   195 ;; *************** function _Delay10TCYx *****************
   196 ;; Defined at:
   197 ;;		line 8 in file "C:\Program Files\Microchip\xc8\v1.33\sources\pic18\d10tcyx.c"
   198 ;; Parameters:    Size  Location     Type
   199 ;;  unit            1    wreg     unsigned char 
   200 ;; Auto vars:     Size  Location     Type
   201 ;;  unit            1    0[COMRAM] unsigned char 
   202 ;; Return value:  Size  Location     Type
   203 ;;		None               void
   204 ;; Registers used:
   205 ;;		wreg
   206 ;; Tracked objects:
   207 ;;		On entry : 0/0
   208 ;;		On exit  : 0/0
   209 ;;		Unchanged: 0/0
   210 ;; Data sizes:     COMRAM   BANK0   BANK1   BANK2   BANK3   BANK4   BANK5   BANK6   BANK7
   211 ;;      Params:         0       0       0       0       0       0       0       0       0
   212 ;;      Locals:         1       0       0       0       0       0       0       0       0
   213 ;;      Temps:          0       0       0       0       0       0       0       0       0
   214 ;;      Totals:         1       0       0       0       0       0       0       0       0
   215 ;;Total ram usage:        1 bytes
   216 ;; Hardware stack levels used:    1
   217 ;; This function calls:
   218 ;;		Nothing
   219 ;; This function is called by:
   220 ;;		_JE_SquareWaveTestPin1
   221 ;; This function uses a non-reentrant model
   222 ;;
   223                           
   224                           	psect	text2
   225  007FC8                     __ptext2:
   226                           	opt stack 0
   227  007FC8                     _Delay10TCYx:
   228                           	opt stack 29
   229                           
   230                           ;incstack = 0
   231                           ;Delay10TCYx@unit stored from wreg
   232  007FC8  6E48               	movwf	Delay10TCYx@unit,c
   233  007FCA                     l373:
   234  007FCA  0E03               	movlw	3
   235  007FCC                     u187:
   236  007FCC  2EE8               	decfsz	wreg,f,c
   237  007FCE  D7FE               	goto	u187
   238  007FD0  F000               	nop	
   239  007FD2  2E48               	decfsz	Delay10TCYx@unit,f,c
   240  007FD4  D7FA               	goto	l373
   241  007FD6  0012               	return	
   242  007FD8                     __end_of_Delay10TCYx:
   243                           	opt stack 0
   244  0000                     postinc0	equ	0xFEE
   245                           wreg	equ	0xFE8
   246                           postinc0	equ	0xFEE
   247                           wreg	equ	0xFE8
   248                           
   249                           	psect	rparam
   250  0000                     postinc0	equ	0xFEE
   251                           wreg	equ	0xFE8


Data Sizes:
    Strings     0
    Constant    0
    Data        0
    BSS         71
    Persistent  0
    Stack       0

Auto Spaces:
    Space          Size  Autos    Used
    COMRAM           95      6      77
    BANK0           160      0       0
    BANK1           256      0       0
    BANK2           256      0       0
    BANK3           256      0       0
    BANK4           256      0       0
    BANK5           256      0       0
    BANK6           256      0       0
    BANK7           256      0       0

Pointer List with Targets:

    None.

Critical Paths under _main in COMRAM

    _JE_SquareWaveTestPin1->_Delay10TCYx

Critical Paths under _main in BANK0

    None.

Critical Paths under _main in BANK1

    None.

Critical Paths under _main in BANK2

    None.

Critical Paths under _main in BANK3

    None.

Critical Paths under _main in BANK4

    None.

Critical Paths under _main in BANK5

    None.

Critical Paths under _main in BANK6

    None.

Critical Paths under _main in BANK7

    None.

Call Graph Tables:

 ---------------------------------------------------------------------------------
 (Depth) Function   	        Calls       Base Space   Used Autos Params    Refs
 ---------------------------------------------------------------------------------
 (0) _main                                                 5     0      5      15
                                              1 COMRAM     5     0      5
              _JE_SquareWaveTestPin1
 ---------------------------------------------------------------------------------
 (1) _JE_SquareWaveTestPin1                                0     0      0      15
                        _Delay10TCYx
 ---------------------------------------------------------------------------------
 (2) _Delay10TCYx                                          1     1      0      15
                                              0 COMRAM     1     1      0
 ---------------------------------------------------------------------------------
 Estimated maximum stack depth 2
 ---------------------------------------------------------------------------------

 Call Graph Graphs:

 _main (ROOT)
   _JE_SquareWaveTestPin1
     _Delay10TCYx

 Address spaces:
Name               Size   Autos  Total    Cost      Usage
BIGRAM             7FF      0       0      21        0.0%
EEDATA             100      0       0       0        0.0%
BITBANK7           100      0       0      18        0.0%
BANK7              100      0       0      19        0.0%
BITBANK6           100      0       0      16        0.0%
BANK6              100      0       0      17        0.0%
BITBANK5           100      0       0      14        0.0%
BANK5              100      0       0      15        0.0%
BITBANK4           100      0       0      12        0.0%
BANK4              100      0       0      13        0.0%
BITBANK3           100      0       0      10        0.0%
BANK3              100      0       0      11        0.0%
BITBANK2           100      0       0       8        0.0%
BANK2              100      0       0       9        0.0%
BITBANK1           100      0       0       6        0.0%
BANK1              100      0       0       7        0.0%
BITBANK0            A0      0       0       4        0.0%
BANK0               A0      0       0       5        0.0%
BITCOMRAM           5F      0       0       0        0.0%
COMRAM              5F      6      4D       1       81.1%
BITSFR               0      0       0      40        0.0%
SFR                  0      0       0      40        0.0%
STACK                0      0       0       2        0.0%
NULL                 0      0       0       0        0.0%
ABS                  0      0      4D      20        0.0%
DATA                 0      0      4D       3        0.0%
CODE                 0      0       0       0        0.0%


Microchip Technology PIC18 Macro Assembler V1.33 build 59893 
Symbol Table                                                                                   Mon Mar 23 23:44:22 2015

                             l9 7FEC                              _rx 0002                              _tx 0025  
                   __CFG_LVP$ON 000000                             l373 7FCA                             u187 7FCC  
                  __CFG_BOR$OFF 000000                             wreg 000FE8                    __CFG_WDT$OFF 000000  
                          _LATD 000F8C                            _main 7FC0                            start 0000  
                 __CFG_ICPRT$ON 000000                     _Delay10TCYx 7FC8                   __CFG_PLLDIV$1 000000  
__size_of_JE_SquareWaveTestPin1 0016   __end_of_JE_SquareWaveTestPin1 8000                           ?_main 0049  
                         _RCREG 000FAE                           _RCSTA 000FAB                           _SPBRG 000FAF  
                         _TRISD 000F95                           _TXREG 000FAD                           _TXSTA 000FAC  
               __initialization 7FD8                    __end_of_main 7FC8                          ??_main 004E  
                 __activetblptr 000000                          _SPBRGH 000FB0                          clear_0 7FDE  
                    __accesstop 0060         __end_of__initialization 7FE4                 __CFG_PBADEN$OFF 000000  
                __pcstackCOMRAM 0048                    ?_Delay10TCYx 0048                         __Hparam 0000  
                       __Lparam 0000                         __pcinit 7FD8                 Delay10TCYx@unit 0048  
                       __ramtop 0800                         __ptext0 7FC0                         __ptext1 7FEA  
                       __ptext2 7FC8           _JE_SquareWaveTestPin1 7FEA            end_of_initialization 7FE4  
                     _RCSTAbits 000FAB                         postinc0 000FEE                       _TRISCbits 000F94  
                     _TXSTAbits 000FAC            __size_of_Delay10TCYx 0010          ?_JE_SquareWaveTestPin1 0048  
           start_initialization 7FD8                     __pbssCOMRAM 0001                        _IPR1bits 000F9F  
                      _PIE1bits 000F9D                        _PIR1bits 000F9E                        __Hrparam 0000  
                      __Lrparam 0000         ??_JE_SquareWaveTestPin1 0049                   __size_of_main 0008  
                 ??_Delay10TCYx 0048                        main@argc 0049                        main@argv 004B  
           __end_of_Delay10TCYx 7FD8             __CFG_FOSC$INTOSC_XT 000000                    _USART_Status 0001  
